<?xml version="1.0" encoding="UTF-8"?>
<testsuite name="parcial1DSoftware.demo.DemoApplicationTests" tests="1" skipped="0" failures="0" errors="0" timestamp="2024-11-03T21:45:24" hostname="DESKTOP-6O0OTH9" time="0.815">
  <properties/>
  <testcase name="contextLoads()" classname="parcial1DSoftware.demo.DemoApplicationTests" time="0.815"/>
  <system-out><![CDATA[18:45:11.269 [Test worker] INFO org.springframework.test.context.support.AnnotationConfigContextLoaderUtils -- Could not detect default configuration classes for test class [parcial1DSoftware.demo.DemoApplicationTests]: DemoApplicationTests does not declare any static, non-private, non-final, nested classes annotated with @Configuration.
18:45:11.712 [Test worker] INFO org.springframework.boot.test.context.SpringBootTestContextBootstrapper -- Found @SpringBootConfiguration parcial1DSoftware.demo.DemoApplication for test class parcial1DSoftware.demo.DemoApplicationTests

  .   ____          _            __ _ _
 /\\ / ___'_ __ _ _(_)_ __  __ _ \ \ \ \
( ( )\___ | '_ | '_| | '_ \/ _` | \ \ \ \
 \\/  ___)| |_)| | | | | || (_| |  ) ) ) )
  '  |____| .__|_| |_|_| |_\__, | / / / /
 =========|_|==============|___/=/_/_/_/

 :: Spring Boot ::                (v3.3.4)

2024-11-03T18:45:13.095-03:00  INFO 8984 --- [    Test worker] p.demo.DemoApplicationTests              : Starting DemoApplicationTests using Java 17.0.8 with PID 8984 (started by Seba in C:\Users\Seba\Desktop\TPS DESARROLLO\PARCIALDS_H2\demo)
2024-11-03T18:45:13.099-03:00  INFO 8984 --- [    Test worker] p.demo.DemoApplicationTests              : No active profile set, falling back to 1 default profile: "default"
2024-11-03T18:45:15.016-03:00  INFO 8984 --- [    Test worker] .s.d.r.c.RepositoryConfigurationDelegate : Bootstrapping Spring Data JPA repositories in DEFAULT mode.
2024-11-03T18:45:15.164-03:00  INFO 8984 --- [    Test worker] .s.d.r.c.RepositoryConfigurationDelegate : Finished Spring Data repository scanning in 124 ms. Found 1 JPA repository interface.
2024-11-03T18:45:16.568-03:00  INFO 8984 --- [    Test worker] o.hibernate.jpa.internal.util.LogHelper  : HHH000204: Processing PersistenceUnitInfo [name: default]
2024-11-03T18:45:16.811-03:00  INFO 8984 --- [    Test worker] org.hibernate.Version                    : HHH000412: Hibernate ORM core version 6.5.3.Final
2024-11-03T18:45:16.936-03:00  INFO 8984 --- [    Test worker] o.h.c.internal.RegionFactoryInitiator    : HHH000026: Second-level cache disabled
2024-11-03T18:45:18.069-03:00  INFO 8984 --- [    Test worker] o.s.o.j.p.SpringPersistenceUnitInfo      : No LoadTimeWeaver setup: ignoring JPA class transformer
2024-11-03T18:45:18.188-03:00  INFO 8984 --- [    Test worker] com.zaxxer.hikari.HikariDataSource       : HikariPool-1 - Starting...
2024-11-03T18:45:19.047-03:00  INFO 8984 --- [    Test worker] com.zaxxer.hikari.pool.HikariPool        : HikariPool-1 - Added connection conn0: url=jdbc:h2:mem:sebadb user=SA
2024-11-03T18:45:19.053-03:00  INFO 8984 --- [    Test worker] com.zaxxer.hikari.HikariDataSource       : HikariPool-1 - Start completed.
2024-11-03T18:45:19.143-03:00  WARN 8984 --- [    Test worker] org.hibernate.orm.deprecation            : HHH90000025: H2Dialect does not need to be specified explicitly using 'hibernate.dialect' (remove the property setting and it will be selected by default)
2024-11-03T18:45:21.808-03:00  INFO 8984 --- [    Test worker] o.h.e.t.j.p.i.JtaPlatformInitiator       : HHH000489: No JTA platform available (set 'hibernate.transaction.jta.platform' to enable JTA platform integration)
2024-11-03T18:45:22.008-03:00  INFO 8984 --- [    Test worker] j.LocalContainerEntityManagerFactoryBean : Initialized JPA EntityManagerFactory for persistence unit 'default'
2024-11-03T18:45:23.077-03:00  WARN 8984 --- [    Test worker] JpaBaseConfiguration$JpaWebConfiguration : spring.jpa.open-in-view is enabled by default. Therefore, database queries may be performed during view rendering. Explicitly configure spring.jpa.open-in-view to disable this warning
2024-11-03T18:45:24.573-03:00  INFO 8984 --- [    Test worker] o.s.b.a.h2.H2ConsoleAutoConfiguration    : H2 console available at '/h2-console'. Database available at 'jdbc:h2:mem:sebadb'
2024-11-03T18:45:24.708-03:00  INFO 8984 --- [    Test worker] p.demo.DemoApplicationTests              : Started DemoApplicationTests in 12.371 seconds (process running for 16.689)
]]></system-out>
  <system-err><![CDATA[]]></system-err>
</testsuite>
